<?xml version="1.0" encoding="UTF-8"?>
<!-- Generated by org.testng.reporters.JUnitXMLReporter -->
<testsuite ignored="0" hostname="FEV-PC" failures="0" tests="4" name="Default test" time="0.158" errors="0" timestamp="2023-06-11T11:00:51 ART">
  <testcase classname="com.selenium.Test.TestCaseWiki2" name="@BeforeMethod abrirBrowser" time="0.009">
    <failure type="java.lang.NullPointerException" message="Name is null">
      <![CDATA[java.lang.NullPointerException: Name is null
at java.base/java.lang.Enum.valueOf(Enum.java:271)
at com.selenium.driver.DriverFactory$browsers.valueOf(DriverFactory.java:12)
at com.selenium.driver.DriverFactory.LevantarBrowser(DriverFactory.java:23)
at com.selenium.Test.TestCaseWiki2.abrirBrowser(TestCaseWiki2.java:32)
at java.base/jdk.internal.reflect.NativeMethodAccessorImpl.invoke0(Native Method)
at java.base/jdk.internal.reflect.NativeMethodAccessorImpl.invoke(NativeMethodAccessorImpl.java:77)
at java.base/jdk.internal.reflect.DelegatingMethodAccessorImpl.invoke(DelegatingMethodAccessorImpl.java:43)
at java.base/java.lang.reflect.Method.invoke(Method.java:568)
at org.testng.internal.MethodInvocationHelper.invokeMethod(MethodInvocationHelper.java:133)
at org.testng.internal.MethodInvocationHelper.invokeMethodConsideringTimeout(MethodInvocationHelper.java:62)
at org.testng.internal.ConfigInvoker.invokeConfigurationMethod(ConfigInvoker.java:385)
at org.testng.internal.ConfigInvoker.invokeConfigurations(ConfigInvoker.java:321)
at org.testng.internal.TestInvoker.runConfigMethods(TestInvoker.java:700)
at org.testng.internal.TestInvoker.invokeMethod(TestInvoker.java:527)
at org.testng.internal.TestInvoker.invokeTestMethod(TestInvoker.java:173)
at org.testng.internal.MethodRunner.runInSequence(MethodRunner.java:46)
at org.testng.internal.TestInvoker$MethodInvocationAgent.invoke(TestInvoker.java:824)
at org.testng.internal.TestInvoker.invokeTestMethods(TestInvoker.java:146)
at org.testng.internal.TestMethodWorker.invokeTestMethods(TestMethodWorker.java:146)
at org.testng.internal.TestMethodWorker.run(TestMethodWorker.java:128)
at java.base/java.util.ArrayList.forEach(ArrayList.java:1511)
at org.testng.TestRunner.privateRun(TestRunner.java:794)
at org.testng.TestRunner.run(TestRunner.java:596)
at org.testng.SuiteRunner.runTest(SuiteRunner.java:377)
at org.testng.SuiteRunner.runSequentially(SuiteRunner.java:371)
at org.testng.SuiteRunner.privateRun(SuiteRunner.java:332)
at org.testng.SuiteRunner.run(SuiteRunner.java:276)
at org.testng.SuiteRunnerWorker.runSuite(SuiteRunnerWorker.java:53)
at org.testng.SuiteRunnerWorker.run(SuiteRunnerWorker.java:96)
at org.testng.TestNG.runSuitesSequentially(TestNG.java:1212)
at org.testng.TestNG.runSuitesLocally(TestNG.java:1134)
at org.testng.TestNG.runSuites(TestNG.java:1063)
at org.testng.TestNG.run(TestNG.java:1031)
at org.testng.remote.AbstractRemoteTestNG.run(AbstractRemoteTestNG.java:115)
at org.testng.remote.RemoteTestNG.initAndRun(RemoteTestNG.java:251)
at org.testng.remote.RemoteTestNG.main(RemoteTestNG.java:77)
]]>
    </failure>
  </testcase> <!-- @BeforeMethod abrirBrowser -->
  <testcase classname="com.selenium.Test.TestCaseWiki2" name="@AfterMethod cerrarBrowser" time="-1.68649205176E9">
    <skipped/>
  </testcase> <!-- @AfterMethod cerrarBrowser -->
  <testcase classname="com.selenium.Test.TestCaseWiki2" name="@BeforeMethod abrirBrowser" time="-1.686492051763E9">
    <skipped/>
  </testcase> <!-- @BeforeMethod abrirBrowser -->
  <testcase classname="com.selenium.Test.TestCaseWiki2" name="@AfterMethod cerrarBrowser" time="-1.686492051788E9">
    <skipped/>
  </testcase> <!-- @AfterMethod cerrarBrowser -->
  <testcase classname="com.selenium.Test.TestCaseWiki2" name="@BeforeMethod abrirBrowser" time="-1.686492051793E9">
    <skipped/>
  </testcase> <!-- @BeforeMethod abrirBrowser -->
  <testcase classname="com.selenium.Test.TestCaseWiki2" name="@AfterMethod cerrarBrowser" time="-1.686492051803E9">
    <skipped/>
  </testcase> <!-- @AfterMethod cerrarBrowser -->
  <testcase classname="com.selenium.Test.TestCaseWiki2" name="@BeforeMethod abrirBrowser" time="-1.686492051804E9">
    <skipped/>
  </testcase> <!-- @BeforeMethod abrirBrowser -->
  <testcase classname="com.selenium.Test.TestCaseWiki2" name="@AfterMethod cerrarBrowser" time="-1.686492051822E9">
    <skipped/>
  </testcase> <!-- @AfterMethod cerrarBrowser -->
  <testcase classname="com.selenium.Test.TestCaseWiki2" name="validarCarTextNuevo" time="0.0">
    <skipped/>
  </testcase> <!-- validarCarTextNuevo -->
  <testcase classname="com.selenium.Test.TestCaseWiki2" name="validarCarTextNuevo" time="0.0">
    <skipped/>
  </testcase> <!-- validarCarTextNuevo -->
  <testcase classname="com.selenium.Test.TestCaseWiki2" name="validarCarTextNuevo" time="0.0">
    <skipped/>
  </testcase> <!-- validarCarTextNuevo -->
  <testcase classname="com.selenium.Test.TestCaseWiki2" name="validarCarTextNuevo" time="0.0">
    <skipped/>
  </testcase> <!-- validarCarTextNuevo -->
</testsuite> <!-- Default test -->
